<?xml version="1.0" encoding="UTF-8"?>
<!-- Generated by org.testng.reporters.JUnitReportReporter -->
<testsuite hostname="SHI58495EU1499F" name="RatesApiTests.ExchangeRatesTests" tests="1" failures="0" timestamp="29 Dec 2020 18:55:54 GMT" time="2.220" errors="0">
  <testcase name="getLatestRates" time="2.220" classname="RatesApiTests.ExchangeRatesTests"/>
</testsuite> <!-- RatesApiTests.ExchangeRatesTests -->
